{"name": "Клик по кнопке \"Выход\"", "status": "broken", "statusDetails": {"message": "selenium.common.exceptions.ElementClickInterceptedException: Message: Element <button class=\"Account_button__14Yp3 text text_type_main-medium text_color_inactive\" type=\"button\"> is not clickable at point (184,373) because another element <div class=\"Modal_modal_overlay__x2ZCr\"> obscures it\nStacktrace:\nRemoteError@chrome://remote/content/shared/RemoteError.sys.mjs:8:8\nWebDriverError@chrome://remote/content/shared/webdriver/Errors.sys.mjs:187:5\nElementClickInterceptedError@chrome://remote/content/shared/webdriver/Errors.sys.mjs:331:5\nwebdriverClickElement@chrome://remote/content/marionette/interaction.sys.mjs:162:11\ninteraction.clickElement@chrome://remote/content/marionette/interaction.sys.mjs:121:11\nclickElement@chrome://remote/content/marionette/actors/MarionetteCommandsChild.sys.mjs:214:29\nreceiveMessage@chrome://remote/content/marionette/actors/MarionetteCommandsChild.sys.mjs:97:31", "trace": "self = <test_personal_account.TestPersonalAccountPage object at 0x0000000004E26700>, driver = <selenium.webdriver.firefox.webdriver.WebDriver (session=\"8d7f5033-d88d-40d2-a8dd-49fab0742c6a\")>\ncreate_user = (<Response [200]>, {'email': 'hqvbb@mail.ru', 'name': 'qhltj', 'password': 'kycnuv'})\n\n    @allure.title('Клик по кнопке \"Выход\"')\n    def test_click_exit(self, driver, create_user):\n        user_data = create_user[1]\n        main_page = MP(driver)\n        main_page.open_page(Urls.url)\n        main_page.click_personal_account()\n        personal_account_page = PAP(driver)\n        personal_account_page.add_mail(user_data[\"email\"])\n        personal_account_page.add_password(user_data[\"password\"])\n        personal_account_page.click_button_enter()\n        main_page.click_personal()\n>       personal_account_page.click_exit()\n\ntests\\test_personal_account.py:32: \n_ _ _ _ _ _ _ _ _ _ _ _ _ _ _ _ _ _ _ _ _ _ _ _ _ _ _ _ _ _ _ _ _ _ _ _ _ _ _ _ _ _ _ _ _ _ _ _ _ _ _ _ _ _ _ _ _ _ _ _ _ _ _ _ _ _ _ _ _ _ _ _ _ _ _ _ _ _ _ _ _ _ _ _ _ _ _ _ _ _ _ _ _ _ _ _ _ _ _ _ _ _ _ \npages\\personal_account_page.py:36: in click_exit\n    self.click(PAL.BUTTON_EXIT)\npages\\base_page.py:41: in click\n    element.click()\n..\\..\\..\\AppData\\Local\\Programs\\Python\\Python38\\lib\\site-packages\\selenium\\webdriver\\remote\\webelement.py:94: in click\n    self._execute(Command.CLICK_ELEMENT)\n..\\..\\..\\AppData\\Local\\Programs\\Python\\Python38\\lib\\site-packages\\selenium\\webdriver\\remote\\webelement.py:395: in _execute\n    return self._parent.execute(command, params)\n..\\..\\..\\AppData\\Local\\Programs\\Python\\Python38\\lib\\site-packages\\selenium\\webdriver\\remote\\webdriver.py:347: in execute\n    self.error_handler.check_response(response)\n_ _ _ _ _ _ _ _ _ _ _ _ _ _ _ _ _ _ _ _ _ _ _ _ _ _ _ _ _ _ _ _ _ _ _ _ _ _ _ _ _ _ _ _ _ _ _ _ _ _ _ _ _ _ _ _ _ _ _ _ _ _ _ _ _ _ _ _ _ _ _ _ _ _ _ _ _ _ _ _ _ _ _ _ _ _ _ _ _ _ _ _ _ _ _ _ _ _ _ _ _ _ _ \n\nself = <selenium.webdriver.remote.errorhandler.ErrorHandler object at 0x00000000051FA670>\nresponse = {'status': 400, 'value': '{\"value\":{\"error\":\"element click intercepted\",\"message\":\"Element <button class=\\\\\"Account_bu...sys.mjs:214:29\\\\nreceiveMessage@chrome://remote/content/marionette/actors/MarionetteCommandsChild.sys.mjs:97:31\\\\n\"}}'}\n\n    def check_response(self, response: Dict[str, Any]) -> None:\n        \"\"\"Checks that a JSON response from the WebDriver does not have an\n        error.\n    \n        :Args:\n         - response - The JSON response from the WebDriver server as a dictionary\n           object.\n    \n        :Raises: If the response contains an error message.\n        \"\"\"\n        status = response.get(\"status\", None)\n        if not status or status == ErrorCode.SUCCESS:\n            return\n        value = None\n        message = response.get(\"message\", \"\")\n        screen: str = response.get(\"screen\", \"\")\n        stacktrace = None\n        if isinstance(status, int):\n            value_json = response.get(\"value\", None)\n            if value_json and isinstance(value_json, str):\n                import json\n    \n                try:\n                    value = json.loads(value_json)\n                    if len(value) == 1:\n                        value = value[\"value\"]\n                    status = value.get(\"error\", None)\n                    if not status:\n                        status = value.get(\"status\", ErrorCode.UNKNOWN_ERROR)\n                        message = value.get(\"value\") or value.get(\"message\")\n                        if not isinstance(message, str):\n                            value = message\n                            message = message.get(\"message\")\n                    else:\n                        message = value.get(\"message\", None)\n                except ValueError:\n                    pass\n    \n        exception_class: Type[WebDriverException]\n        e = ErrorCode()\n        error_codes = [item for item in dir(e) if not item.startswith(\"__\")]\n        for error_code in error_codes:\n            error_info = getattr(ErrorCode, error_code)\n            if isinstance(error_info, list) and status in error_info:\n                exception_class = getattr(ExceptionMapping, error_code, WebDriverException)\n                break\n        else:\n            exception_class = WebDriverException\n    \n        if not value:\n            value = response[\"value\"]\n        if isinstance(value, str):\n            raise exception_class(value)\n        if message == \"\" and \"message\" in value:\n            message = value[\"message\"]\n    \n        screen = None  # type: ignore[assignment]\n        if \"screen\" in value:\n            screen = value[\"screen\"]\n    \n        stacktrace = None\n        st_value = value.get(\"stackTrace\") or value.get(\"stacktrace\")\n        if st_value:\n            if isinstance(st_value, str):\n                stacktrace = st_value.split(\"\\n\")\n            else:\n                stacktrace = []\n                try:\n                    for frame in st_value:\n                        line = frame.get(\"lineNumber\", \"\")\n                        file = frame.get(\"fileName\", \"<anonymous>\")\n                        if line:\n                            file = f\"{file}:{line}\"\n                        meth = frame.get(\"methodName\", \"<anonymous>\")\n                        if \"className\" in frame:\n                            meth = f\"{frame['className']}.{meth}\"\n                        msg = \"    at %s (%s)\"\n                        msg = msg % (meth, file)\n                        stacktrace.append(msg)\n                except TypeError:\n                    pass\n        if exception_class == UnexpectedAlertPresentException:\n            alert_text = None\n            if \"data\" in value:\n                alert_text = value[\"data\"].get(\"text\")\n            elif \"alert\" in value:\n                alert_text = value[\"alert\"].get(\"text\")\n            raise exception_class(message, screen, stacktrace, alert_text)  # type: ignore[call-arg]  # mypy is not smart enough here\n>       raise exception_class(message, screen, stacktrace)\nE       selenium.common.exceptions.ElementClickInterceptedException: Message: Element <button class=\"Account_button__14Yp3 text text_type_main-medium text_color_inactive\" type=\"button\"> is not clickable at point (184,373) because another element <div class=\"Modal_modal_overlay__x2ZCr\"> obscures it\nE       Stacktrace:\nE       RemoteError@chrome://remote/content/shared/RemoteError.sys.mjs:8:8\nE       WebDriverError@chrome://remote/content/shared/webdriver/Errors.sys.mjs:187:5\nE       ElementClickInterceptedError@chrome://remote/content/shared/webdriver/Errors.sys.mjs:331:5\nE       webdriverClickElement@chrome://remote/content/marionette/interaction.sys.mjs:162:11\nE       interaction.clickElement@chrome://remote/content/marionette/interaction.sys.mjs:121:11\nE       clickElement@chrome://remote/content/marionette/actors/MarionetteCommandsChild.sys.mjs:214:29\nE       receiveMessage@chrome://remote/content/marionette/actors/MarionetteCommandsChild.sys.mjs:97:31\n\n..\\..\\..\\AppData\\Local\\Programs\\Python\\Python38\\lib\\site-packages\\selenium\\webdriver\\remote\\errorhandler.py:229: ElementClickInterceptedException"}, "steps": [{"name": "Открыть страницу", "status": "passed", "parameters": [{"name": "url", "value": "'https://stellarburgers.nomoreparties.site/'"}], "start": 1717707784532, "stop": 1717707787344}, {"name": "Клик по кнопке Личный кабинет", "status": "passed", "steps": [{"name": "Клик по крестику", "status": "passed", "parameters": [{"name": "locator", "value": "('link text', 'Личный Кабинет')"}], "start": 1717707787345, "stop": 1717707787636}], "start": 1717707787345, "stop": 1717707787636}, {"name": "Ввести почту в окне авторизации", "status": "passed", "steps": [{"name": "Ввод текста", "status": "passed", "steps": [{"name": "Ожидание элемента и его выбор", "status": "passed", "parameters": [{"name": "locator", "value": "('xpath', \"//div[contains(@class, 'input')]/input[@name='name']\")"}], "start": 1717707787636, "stop": 1717707787680}], "parameters": [{"name": "locator", "value": "('xpath', \"//div[contains(@class, 'input')]/input[@name='name']\")"}, {"name": "text", "value": "'hqvbb@mail.ru'"}], "start": 1717707787636, "stop": 1717707787790}], "parameters": [{"name": "mail", "value": "'hqvbb@mail.ru'"}], "start": 1717707787636, "stop": 1717707787790}, {"name": "Ввести пароль в окне авторизации", "status": "passed", "steps": [{"name": "Ввод текста", "status": "passed", "steps": [{"name": "Ожидание элемента и его выбор", "status": "passed", "parameters": [{"name": "locator", "value": "('xpath', \"//div[contains(@class, 'input')]/input[@name='Пароль']\")"}], "start": 1717707787790, "stop": 1717707787818}], "parameters": [{"name": "locator", "value": "('xpath', \"//div[contains(@class, 'input')]/input[@name='Пароль']\")"}, {"name": "text", "value": "'kycnuv'"}], "start": 1717707787790, "stop": 1717707787840}], "parameters": [{"name": "password", "value": "'kycnuv'"}], "start": 1717707787790, "stop": 1717707787840}, {"name": "Клик по кнопке Войти", "status": "passed", "steps": [{"name": "Клик по элементу", "status": "passed", "steps": [{"name": "Ожидание элемента и его выбор", "status": "passed", "parameters": [{"name": "locator", "value": "('xpath', \"//button[text() = 'Войти']\")"}], "start": 1717707787840, "stop": 1717707787862}], "parameters": [{"name": "locator", "value": "('xpath', \"//button[text() = 'Войти']\")"}], "start": 1717707787840, "stop": 1717707788086}], "start": 1717707787840, "stop": 1717707788086}, {"name": "Клик по кнопке Личный кабинет", "status": "passed", "steps": [{"name": "Клик по элементу", "status": "passed", "steps": [{"name": "Ожидание элемента и его выбор", "status": "passed", "parameters": [{"name": "locator", "value": "('link text', 'Личный Кабинет')"}], "start": 1717707788086, "stop": 1717707788359}], "parameters": [{"name": "locator", "value": "('link text', 'Личный Кабинет')"}], "start": 1717707788086, "stop": 1717707788596}], "start": 1717707788086, "stop": 1717707788596}, {"name": "Клик по кнопке Выход", "status": "broken", "statusDetails": {"message": "selenium.common.exceptions.ElementClickInterceptedException: Message: Element <button class=\"Account_button__14Yp3 text text_type_main-medium text_color_inactive\" type=\"button\"> is not clickable at point (184,373) because another element <div class=\"Modal_modal_overlay__x2ZCr\"> obscures it\nStacktrace:\nRemoteError@chrome://remote/content/shared/RemoteError.sys.mjs:8:8\nWebDriverError@chrome://remote/content/shared/webdriver/Errors.sys.mjs:187:5\nElementClickInterceptedError@chrome://remote/content/shared/webdriver/Errors.sys.mjs:331:5\nwebdriverClickElement@chrome://remote/content/marionette/interaction.sys.mjs:162:11\ninteraction.clickElement@chrome://remote/content/marionette/interaction.sys.mjs:121:11\nclickElement@chrome://remote/content/marionette/actors/MarionetteCommandsChild.sys.mjs:214:29\nreceiveMessage@chrome://remote/content/marionette/actors/MarionetteCommandsChild.sys.mjs:97:31\n\n", "trace": "  File \"C:\\Users\\Ололоша\\AppData\\Local\\Programs\\Python\\Python38\\lib\\site-packages\\allure_commons\\_allure.py\", line 192, in impl\n    return func(*a, **kw)\n  File \"C:\\Users\\Ололоша\\PycharmProjects\\Diplom_Galya_Pustovalova_7\\Diplom_3\\pages\\personal_account_page.py\", line 36, in click_exit\n    self.click(PAL.BUTTON_EXIT)\n  File \"C:\\Users\\Ололоша\\AppData\\Local\\Programs\\Python\\Python38\\lib\\site-packages\\allure_commons\\_allure.py\", line 192, in impl\n    return func(*a, **kw)\n  File \"C:\\Users\\Ололоша\\PycharmProjects\\Diplom_Galya_Pustovalova_7\\Diplom_3\\pages\\base_page.py\", line 41, in click\n    element.click()\n  File \"C:\\Users\\Ололоша\\AppData\\Local\\Programs\\Python\\Python38\\lib\\site-packages\\selenium\\webdriver\\remote\\webelement.py\", line 94, in click\n    self._execute(Command.CLICK_ELEMENT)\n  File \"C:\\Users\\Ололоша\\AppData\\Local\\Programs\\Python\\Python38\\lib\\site-packages\\selenium\\webdriver\\remote\\webelement.py\", line 395, in _execute\n    return self._parent.execute(command, params)\n  File \"C:\\Users\\Ололоша\\AppData\\Local\\Programs\\Python\\Python38\\lib\\site-packages\\selenium\\webdriver\\remote\\webdriver.py\", line 347, in execute\n    self.error_handler.check_response(response)\n  File \"C:\\Users\\Ололоша\\AppData\\Local\\Programs\\Python\\Python38\\lib\\site-packages\\selenium\\webdriver\\remote\\errorhandler.py\", line 229, in check_response\n    raise exception_class(message, screen, stacktrace)\n"}, "steps": [{"name": "Клик по элементу", "status": "broken", "statusDetails": {"message": "selenium.common.exceptions.ElementClickInterceptedException: Message: Element <button class=\"Account_button__14Yp3 text text_type_main-medium text_color_inactive\" type=\"button\"> is not clickable at point (184,373) because another element <div class=\"Modal_modal_overlay__x2ZCr\"> obscures it\nStacktrace:\nRemoteError@chrome://remote/content/shared/RemoteError.sys.mjs:8:8\nWebDriverError@chrome://remote/content/shared/webdriver/Errors.sys.mjs:187:5\nElementClickInterceptedError@chrome://remote/content/shared/webdriver/Errors.sys.mjs:331:5\nwebdriverClickElement@chrome://remote/content/marionette/interaction.sys.mjs:162:11\ninteraction.clickElement@chrome://remote/content/marionette/interaction.sys.mjs:121:11\nclickElement@chrome://remote/content/marionette/actors/MarionetteCommandsChild.sys.mjs:214:29\nreceiveMessage@chrome://remote/content/marionette/actors/MarionetteCommandsChild.sys.mjs:97:31\n\n", "trace": "  File \"C:\\Users\\Ололоша\\AppData\\Local\\Programs\\Python\\Python38\\lib\\site-packages\\allure_commons\\_allure.py\", line 192, in impl\n    return func(*a, **kw)\n  File \"C:\\Users\\Ололоша\\PycharmProjects\\Diplom_Galya_Pustovalova_7\\Diplom_3\\pages\\base_page.py\", line 41, in click\n    element.click()\n  File \"C:\\Users\\Ололоша\\AppData\\Local\\Programs\\Python\\Python38\\lib\\site-packages\\selenium\\webdriver\\remote\\webelement.py\", line 94, in click\n    self._execute(Command.CLICK_ELEMENT)\n  File \"C:\\Users\\Ололоша\\AppData\\Local\\Programs\\Python\\Python38\\lib\\site-packages\\selenium\\webdriver\\remote\\webelement.py\", line 395, in _execute\n    return self._parent.execute(command, params)\n  File \"C:\\Users\\Ололоша\\AppData\\Local\\Programs\\Python\\Python38\\lib\\site-packages\\selenium\\webdriver\\remote\\webdriver.py\", line 347, in execute\n    self.error_handler.check_response(response)\n  File \"C:\\Users\\Ололоша\\AppData\\Local\\Programs\\Python\\Python38\\lib\\site-packages\\selenium\\webdriver\\remote\\errorhandler.py\", line 229, in check_response\n    raise exception_class(message, screen, stacktrace)\n"}, "steps": [{"name": "Ожидание элемента и его выбор", "status": "passed", "parameters": [{"name": "locator", "value": "('xpath', \"//button[text() = 'Выход']\")"}], "start": 1717707788596, "stop": 1717707788614}], "parameters": [{"name": "locator", "value": "('xpath', \"//button[text() = 'Выход']\")"}], "start": 1717707788596, "stop": 1717707788620}], "start": 1717707788596, "stop": 1717707788622}], "attachments": [{"name": "log", "source": "1eed599f-2e03-4433-9e34-d2a33b30e22f-attachment.txt", "type": "text/plain"}], "parameters": [{"name": "driver", "value": "'Firefox'"}], "start": 1717707784532, "stop": 1717707788623, "uuid": "c20d0cf1-aee5-4017-b5e1-644e7f6a5cd9", "historyId": "74c0be63fbcd9cdf67f11dc778db24ea", "testCaseId": "9060509d6a6d0b589cdc385f546231fc", "fullName": "tests.test_personal_account.TestPersonalAccountPage#test_click_exit", "labels": [{"name": "parentSuite", "value": "tests"}, {"name": "suite", "value": "test_personal_account"}, {"name": "subSuite", "value": "TestPersonalAccountPage"}, {"name": "host", "value": "WIN-5TKA1RRH191"}, {"name": "thread", "value": "11012-MainThread"}, {"name": "framework", "value": "pytest"}, {"name": "language", "value": "cpython3"}, {"name": "package", "value": "tests.test_personal_account"}]}