{"name": "При создании нового заказа счётчик Выполнено за сегодня увеличивается", "status": "broken", "statusDetails": {"message": "selenium.common.exceptions.ElementClickInterceptedException: Message: Element <p class=\"AppHeader_header__linkText__3q_va ml-2\"> is not clickable at point (422,44) because another element <div class=\"Modal_modal_overlay__x2ZCr\"> obscures it\nStacktrace:\nRemoteError@chrome://remote/content/shared/RemoteError.sys.mjs:8:8\nWebDriverError@chrome://remote/content/shared/webdriver/Errors.sys.mjs:187:5\nElementClickInterceptedError@chrome://remote/content/shared/webdriver/Errors.sys.mjs:331:5\nwebdriverClickElement@chrome://remote/content/marionette/interaction.sys.mjs:162:11\ninteraction.clickElement@chrome://remote/content/marionette/interaction.sys.mjs:121:11\nclickElement@chrome://remote/content/marionette/actors/MarionetteCommandsChild.sys.mjs:214:29\nreceiveMessage@chrome://remote/content/marionette/actors/MarionetteCommandsChild.sys.mjs:97:31", "trace": "self = <test_order_feed.TestOrderPage object at 0x0000000004E450D0>, driver = <selenium.webdriver.firefox.webdriver.WebDriver (session=\"341d9de8-77b2-45ca-ac5f-1632b216853c\")>\ncreate_user = (<Response [200]>, {'email': 'qfguh@mail.ru', 'name': 'oqlxd', 'password': 'ogktgu'})\n\n    @allure.title('При создании нового заказа счётчик Выполнено за сегодня увеличивается')\n    def test_completed_today_counter_increasing(self, driver, create_user):\n        user_data = create_user[1]\n        main_page = MP(driver)\n        main_page.open_page(Urls.url)\n        main_page.click_personal_account()\n        personal_account_page = PAP(driver)\n        personal_account_page.add_mail(user_data[\"email\"])\n        personal_account_page.add_password(user_data[\"password\"])\n        personal_account_page.click_button_enter()\n        main_page.wait_element_main_page()\n>       main_page.click_order_feed_after()\n\ntests\\test_order_feed.py:77: \n_ _ _ _ _ _ _ _ _ _ _ _ _ _ _ _ _ _ _ _ _ _ _ _ _ _ _ _ _ _ _ _ _ _ _ _ _ _ _ _ _ _ _ _ _ _ _ _ _ _ _ _ _ _ _ _ _ _ _ _ _ _ _ _ _ _ _ _ _ _ _ _ _ _ _ _ _ _ _ _ _ _ _ _ _ _ _ _ _ _ _ _ _ _ _ _ _ _ _ _ _ _ _ \npages\\main_page.py:21: in click_order_feed_after\n    self.click(MPL.ORDER_FEED)\npages\\base_page.py:41: in click\n    element.click()\n..\\..\\..\\AppData\\Local\\Programs\\Python\\Python38\\lib\\site-packages\\selenium\\webdriver\\remote\\webelement.py:94: in click\n    self._execute(Command.CLICK_ELEMENT)\n..\\..\\..\\AppData\\Local\\Programs\\Python\\Python38\\lib\\site-packages\\selenium\\webdriver\\remote\\webelement.py:395: in _execute\n    return self._parent.execute(command, params)\n..\\..\\..\\AppData\\Local\\Programs\\Python\\Python38\\lib\\site-packages\\selenium\\webdriver\\remote\\webdriver.py:347: in execute\n    self.error_handler.check_response(response)\n_ _ _ _ _ _ _ _ _ _ _ _ _ _ _ _ _ _ _ _ _ _ _ _ _ _ _ _ _ _ _ _ _ _ _ _ _ _ _ _ _ _ _ _ _ _ _ _ _ _ _ _ _ _ _ _ _ _ _ _ _ _ _ _ _ _ _ _ _ _ _ _ _ _ _ _ _ _ _ _ _ _ _ _ _ _ _ _ _ _ _ _ _ _ _ _ _ _ _ _ _ _ _ \n\nself = <selenium.webdriver.remote.errorhandler.ErrorHandler object at 0x0000000005385B80>\nresponse = {'status': 400, 'value': '{\"value\":{\"error\":\"element click intercepted\",\"message\":\"Element <p class=\\\\\"AppHeader_heade...sys.mjs:214:29\\\\nreceiveMessage@chrome://remote/content/marionette/actors/MarionetteCommandsChild.sys.mjs:97:31\\\\n\"}}'}\n\n    def check_response(self, response: Dict[str, Any]) -> None:\n        \"\"\"Checks that a JSON response from the WebDriver does not have an\n        error.\n    \n        :Args:\n         - response - The JSON response from the WebDriver server as a dictionary\n           object.\n    \n        :Raises: If the response contains an error message.\n        \"\"\"\n        status = response.get(\"status\", None)\n        if not status or status == ErrorCode.SUCCESS:\n            return\n        value = None\n        message = response.get(\"message\", \"\")\n        screen: str = response.get(\"screen\", \"\")\n        stacktrace = None\n        if isinstance(status, int):\n            value_json = response.get(\"value\", None)\n            if value_json and isinstance(value_json, str):\n                import json\n    \n                try:\n                    value = json.loads(value_json)\n                    if len(value) == 1:\n                        value = value[\"value\"]\n                    status = value.get(\"error\", None)\n                    if not status:\n                        status = value.get(\"status\", ErrorCode.UNKNOWN_ERROR)\n                        message = value.get(\"value\") or value.get(\"message\")\n                        if not isinstance(message, str):\n                            value = message\n                            message = message.get(\"message\")\n                    else:\n                        message = value.get(\"message\", None)\n                except ValueError:\n                    pass\n    \n        exception_class: Type[WebDriverException]\n        e = ErrorCode()\n        error_codes = [item for item in dir(e) if not item.startswith(\"__\")]\n        for error_code in error_codes:\n            error_info = getattr(ErrorCode, error_code)\n            if isinstance(error_info, list) and status in error_info:\n                exception_class = getattr(ExceptionMapping, error_code, WebDriverException)\n                break\n        else:\n            exception_class = WebDriverException\n    \n        if not value:\n            value = response[\"value\"]\n        if isinstance(value, str):\n            raise exception_class(value)\n        if message == \"\" and \"message\" in value:\n            message = value[\"message\"]\n    \n        screen = None  # type: ignore[assignment]\n        if \"screen\" in value:\n            screen = value[\"screen\"]\n    \n        stacktrace = None\n        st_value = value.get(\"stackTrace\") or value.get(\"stacktrace\")\n        if st_value:\n            if isinstance(st_value, str):\n                stacktrace = st_value.split(\"\\n\")\n            else:\n                stacktrace = []\n                try:\n                    for frame in st_value:\n                        line = frame.get(\"lineNumber\", \"\")\n                        file = frame.get(\"fileName\", \"<anonymous>\")\n                        if line:\n                            file = f\"{file}:{line}\"\n                        meth = frame.get(\"methodName\", \"<anonymous>\")\n                        if \"className\" in frame:\n                            meth = f\"{frame['className']}.{meth}\"\n                        msg = \"    at %s (%s)\"\n                        msg = msg % (meth, file)\n                        stacktrace.append(msg)\n                except TypeError:\n                    pass\n        if exception_class == UnexpectedAlertPresentException:\n            alert_text = None\n            if \"data\" in value:\n                alert_text = value[\"data\"].get(\"text\")\n            elif \"alert\" in value:\n                alert_text = value[\"alert\"].get(\"text\")\n            raise exception_class(message, screen, stacktrace, alert_text)  # type: ignore[call-arg]  # mypy is not smart enough here\n>       raise exception_class(message, screen, stacktrace)\nE       selenium.common.exceptions.ElementClickInterceptedException: Message: Element <p class=\"AppHeader_header__linkText__3q_va ml-2\"> is not clickable at point (422,44) because another element <div class=\"Modal_modal_overlay__x2ZCr\"> obscures it\nE       Stacktrace:\nE       RemoteError@chrome://remote/content/shared/RemoteError.sys.mjs:8:8\nE       WebDriverError@chrome://remote/content/shared/webdriver/Errors.sys.mjs:187:5\nE       ElementClickInterceptedError@chrome://remote/content/shared/webdriver/Errors.sys.mjs:331:5\nE       webdriverClickElement@chrome://remote/content/marionette/interaction.sys.mjs:162:11\nE       interaction.clickElement@chrome://remote/content/marionette/interaction.sys.mjs:121:11\nE       clickElement@chrome://remote/content/marionette/actors/MarionetteCommandsChild.sys.mjs:214:29\nE       receiveMessage@chrome://remote/content/marionette/actors/MarionetteCommandsChild.sys.mjs:97:31\n\n..\\..\\..\\AppData\\Local\\Programs\\Python\\Python38\\lib\\site-packages\\selenium\\webdriver\\remote\\errorhandler.py:229: ElementClickInterceptedException"}, "steps": [{"name": "Открыть страницу", "status": "passed", "parameters": [{"name": "url", "value": "'https://stellarburgers.nomoreparties.site/'"}], "start": 1717707546641, "stop": 1717707549658}, {"name": "Клик по кнопке Личный кабинет", "status": "passed", "steps": [{"name": "Клик по крестику", "status": "passed", "parameters": [{"name": "locator", "value": "('link text', 'Личный Кабинет')"}], "start": 1717707549658, "stop": 1717707549875}], "start": 1717707549658, "stop": 1717707549875}, {"name": "Ввести почту в окне авторизации", "status": "passed", "steps": [{"name": "Ввод текста", "status": "passed", "steps": [{"name": "Ожидание элемента и его выбор", "status": "passed", "parameters": [{"name": "locator", "value": "('xpath', \"//div[contains(@class, 'input')]/input[@name='name']\")"}], "start": 1717707549875, "stop": 1717707549892}], "parameters": [{"name": "locator", "value": "('xpath', \"//div[contains(@class, 'input')]/input[@name='name']\")"}, {"name": "text", "value": "'qfguh@mail.ru'"}], "start": 1717707549875, "stop": 1717707549993}], "parameters": [{"name": "mail", "value": "'qfguh@mail.ru'"}], "start": 1717707549875, "stop": 1717707549993}, {"name": "Ввести пароль в окне авторизации", "status": "passed", "steps": [{"name": "Ввод текста", "status": "passed", "steps": [{"name": "Ожидание элемента и его выбор", "status": "passed", "parameters": [{"name": "locator", "value": "('xpath', \"//div[contains(@class, 'input')]/input[@name='Пароль']\")"}], "start": 1717707549993, "stop": 1717707550019}], "parameters": [{"name": "locator", "value": "('xpath', \"//div[contains(@class, 'input')]/input[@name='Пароль']\")"}, {"name": "text", "value": "'ogktgu'"}], "start": 1717707549993, "stop": 1717707550041}], "parameters": [{"name": "password", "value": "'ogktgu'"}], "start": 1717707549993, "stop": 1717707550041}, {"name": "Клик по кнопке Войти", "status": "passed", "steps": [{"name": "Клик по элементу", "status": "passed", "steps": [{"name": "Ожидание элемента и его выбор", "status": "passed", "parameters": [{"name": "locator", "value": "('xpath', \"//button[text() = 'Войти']\")"}], "start": 1717707550041, "stop": 1717707550060}], "parameters": [{"name": "locator", "value": "('xpath', \"//button[text() = 'Войти']\")"}], "start": 1717707550041, "stop": 1717707550288}], "start": 1717707550041, "stop": 1717707550288}, {"name": "Ожидание загрузки главной страницы", "status": "passed", "steps": [{"name": "Ожидание наличия элемента на странице", "status": "passed", "parameters": [{"name": "locator", "value": "('xpath', \"//p[contains(@class, 'AppHeader_header') and text() = 'Лента Заказов']\")"}], "start": 1717707550289, "stop": 1717707550300}], "start": 1717707550289, "stop": 1717707550300}, {"name": "Клик по кнопке Лента заказов", "status": "broken", "statusDetails": {"message": "selenium.common.exceptions.ElementClickInterceptedException: Message: Element <p class=\"AppHeader_header__linkText__3q_va ml-2\"> is not clickable at point (422,44) because another element <div class=\"Modal_modal_overlay__x2ZCr\"> obscures it\nStacktrace:\nRemoteError@chrome://remote/content/shared/RemoteError.sys.mjs:8:8\nWebDriverError@chrome://remote/content/shared/webdriver/Errors.sys.mjs:187:5\nElementClickInterceptedError@chrome://remote/content/shared/webdriver/Errors.sys.mjs:331:5\nwebdriverClickElement@chrome://remote/content/marionette/interaction.sys.mjs:162:11\ninteraction.clickElement@chrome://remote/content/marionette/interaction.sys.mjs:121:11\nclickElement@chrome://remote/content/marionette/actors/MarionetteCommandsChild.sys.mjs:214:29\nreceiveMessage@chrome://remote/content/marionette/actors/MarionetteCommandsChild.sys.mjs:97:31\n\n", "trace": "  File \"C:\\Users\\Ололоша\\AppData\\Local\\Programs\\Python\\Python38\\lib\\site-packages\\allure_commons\\_allure.py\", line 192, in impl\n    return func(*a, **kw)\n  File \"C:\\Users\\Ололоша\\PycharmProjects\\Diplom_Galya_Pustovalova_7\\Diplom_3\\pages\\main_page.py\", line 21, in click_order_feed_after\n    self.click(MPL.ORDER_FEED)\n  File \"C:\\Users\\Ололоша\\AppData\\Local\\Programs\\Python\\Python38\\lib\\site-packages\\allure_commons\\_allure.py\", line 192, in impl\n    return func(*a, **kw)\n  File \"C:\\Users\\Ололоша\\PycharmProjects\\Diplom_Galya_Pustovalova_7\\Diplom_3\\pages\\base_page.py\", line 41, in click\n    element.click()\n  File \"C:\\Users\\Ололоша\\AppData\\Local\\Programs\\Python\\Python38\\lib\\site-packages\\selenium\\webdriver\\remote\\webelement.py\", line 94, in click\n    self._execute(Command.CLICK_ELEMENT)\n  File \"C:\\Users\\Ололоша\\AppData\\Local\\Programs\\Python\\Python38\\lib\\site-packages\\selenium\\webdriver\\remote\\webelement.py\", line 395, in _execute\n    return self._parent.execute(command, params)\n  File \"C:\\Users\\Ололоша\\AppData\\Local\\Programs\\Python\\Python38\\lib\\site-packages\\selenium\\webdriver\\remote\\webdriver.py\", line 347, in execute\n    self.error_handler.check_response(response)\n  File \"C:\\Users\\Ололоша\\AppData\\Local\\Programs\\Python\\Python38\\lib\\site-packages\\selenium\\webdriver\\remote\\errorhandler.py\", line 229, in check_response\n    raise exception_class(message, screen, stacktrace)\n"}, "steps": [{"name": "Клик по элементу", "status": "broken", "statusDetails": {"message": "selenium.common.exceptions.ElementClickInterceptedException: Message: Element <p class=\"AppHeader_header__linkText__3q_va ml-2\"> is not clickable at point (422,44) because another element <div class=\"Modal_modal_overlay__x2ZCr\"> obscures it\nStacktrace:\nRemoteError@chrome://remote/content/shared/RemoteError.sys.mjs:8:8\nWebDriverError@chrome://remote/content/shared/webdriver/Errors.sys.mjs:187:5\nElementClickInterceptedError@chrome://remote/content/shared/webdriver/Errors.sys.mjs:331:5\nwebdriverClickElement@chrome://remote/content/marionette/interaction.sys.mjs:162:11\ninteraction.clickElement@chrome://remote/content/marionette/interaction.sys.mjs:121:11\nclickElement@chrome://remote/content/marionette/actors/MarionetteCommandsChild.sys.mjs:214:29\nreceiveMessage@chrome://remote/content/marionette/actors/MarionetteCommandsChild.sys.mjs:97:31\n\n", "trace": "  File \"C:\\Users\\Ололоша\\AppData\\Local\\Programs\\Python\\Python38\\lib\\site-packages\\allure_commons\\_allure.py\", line 192, in impl\n    return func(*a, **kw)\n  File \"C:\\Users\\Ололоша\\PycharmProjects\\Diplom_Galya_Pustovalova_7\\Diplom_3\\pages\\base_page.py\", line 41, in click\n    element.click()\n  File \"C:\\Users\\Ололоша\\AppData\\Local\\Programs\\Python\\Python38\\lib\\site-packages\\selenium\\webdriver\\remote\\webelement.py\", line 94, in click\n    self._execute(Command.CLICK_ELEMENT)\n  File \"C:\\Users\\Ололоша\\AppData\\Local\\Programs\\Python\\Python38\\lib\\site-packages\\selenium\\webdriver\\remote\\webelement.py\", line 395, in _execute\n    return self._parent.execute(command, params)\n  File \"C:\\Users\\Ололоша\\AppData\\Local\\Programs\\Python\\Python38\\lib\\site-packages\\selenium\\webdriver\\remote\\webdriver.py\", line 347, in execute\n    self.error_handler.check_response(response)\n  File \"C:\\Users\\Ололоша\\AppData\\Local\\Programs\\Python\\Python38\\lib\\site-packages\\selenium\\webdriver\\remote\\errorhandler.py\", line 229, in check_response\n    raise exception_class(message, screen, stacktrace)\n"}, "steps": [{"name": "Ожидание элемента и его выбор", "status": "passed", "parameters": [{"name": "locator", "value": "('xpath', \"//p[contains(@class, 'AppHeader_header') and text() = 'Лента Заказов']\")"}], "start": 1717707550301, "stop": 1717707550318}], "parameters": [{"name": "locator", "value": "('xpath', \"//p[contains(@class, 'AppHeader_header') and text() = 'Лента Заказов']\")"}], "start": 1717707550301, "stop": 1717707550339}], "start": 1717707550301, "stop": 1717707550341}], "attachments": [{"name": "log", "source": "d49765c3-2eb7-49aa-9a2e-46571ce6338c-attachment.txt", "type": "text/plain"}], "parameters": [{"name": "driver", "value": "'Firefox'"}], "start": 1717707546641, "stop": 1717707550342, "uuid": "067652a0-492e-4e2e-a7d2-34f1fb3055c0", "historyId": "c145c2a58300bfc2c6c516dde9e74b1c", "testCaseId": "b7cb14f00a675f0820c59bf88ad1e424", "fullName": "tests.test_order_feed.TestOrderPage#test_completed_today_counter_increasing", "labels": [{"name": "parentSuite", "value": "tests"}, {"name": "suite", "value": "test_order_feed"}, {"name": "subSuite", "value": "TestOrderPage"}, {"name": "host", "value": "WIN-5TKA1RRH191"}, {"name": "thread", "value": "11012-MainThread"}, {"name": "framework", "value": "pytest"}, {"name": "language", "value": "cpython3"}, {"name": "package", "value": "tests.test_order_feed"}]}