{"name": "Заказ пользователя из раздела «История заказов» отображается на странице «Лента заказов»", "status": "broken", "statusDetails": {"message": "selenium.common.exceptions.ElementClickInterceptedException: Message: Element <a class=\"Account_link__2ETsJ text text_type_main-medium text_color_inactive\" href=\"/account/order-history\"> is not clickable at point (256,307) because another element <div class=\"Modal_modal_overlay__x2ZCr\"> obscures it\nStacktrace:\nRemoteError@chrome://remote/content/shared/RemoteError.sys.mjs:8:8\nWebDriverError@chrome://remote/content/shared/webdriver/Errors.sys.mjs:187:5\nElementClickInterceptedError@chrome://remote/content/shared/webdriver/Errors.sys.mjs:331:5\nwebdriverClickElement@chrome://remote/content/marionette/interaction.sys.mjs:162:11\ninteraction.clickElement@chrome://remote/content/marionette/interaction.sys.mjs:121:11\nclickElement@chrome://remote/content/marionette/actors/MarionetteCommandsChild.sys.mjs:214:29\nreceiveMessage@chrome://remote/content/marionette/actors/MarionetteCommandsChild.sys.mjs:97:31", "trace": "self = <test_order_feed.TestOrderPage object at 0x0000000004E45610>, driver = <selenium.webdriver.firefox.webdriver.WebDriver (session=\"bd6e6cb1-d7d7-488e-9d41-46b9ab309652\")>\ncreate_user = (<Response [200]>, {'email': 'putht@mail.ru', 'name': 'blzhh', 'password': 'rmqvua'})\n\n    @allure.title('Заказ пользователя из раздела «История заказов» отображается на странице «Лента заказов»')\n    def test_order_from_history_displayed_in_order_feed(self, driver, create_user):\n        user_data = create_user[1]\n        main_page = MP(driver)\n        main_page.open_page(Urls.url)\n        main_page.click_personal_account()\n        personal_account_page = PAP(driver)\n        personal_account_page.add_mail(user_data[\"email\"])\n        personal_account_page.add_password(user_data[\"password\"])\n        personal_account_page.click_button_enter()\n        main_page.add_to_the_order_buns()\n        main_page.add_to_the_order_ingredient()\n        main_page.click_button_place_order()\n        main_page.click_exit_details_window()\n        main_page.click_personal_account()\n>       personal_account_page.click_button_order_history()\n\ntests\\test_order_feed.py:38: \n_ _ _ _ _ _ _ _ _ _ _ _ _ _ _ _ _ _ _ _ _ _ _ _ _ _ _ _ _ _ _ _ _ _ _ _ _ _ _ _ _ _ _ _ _ _ _ _ _ _ _ _ _ _ _ _ _ _ _ _ _ _ _ _ _ _ _ _ _ _ _ _ _ _ _ _ _ _ _ _ _ _ _ _ _ _ _ _ _ _ _ _ _ _ _ _ _ _ _ _ _ _ _ \npages\\personal_account_page.py:16: in click_button_order_history\n    return self.click(PAL.BUTTON_ORDER_HISTORY)\npages\\base_page.py:41: in click\n    element.click()\n..\\..\\..\\AppData\\Local\\Programs\\Python\\Python38\\lib\\site-packages\\selenium\\webdriver\\remote\\webelement.py:94: in click\n    self._execute(Command.CLICK_ELEMENT)\n..\\..\\..\\AppData\\Local\\Programs\\Python\\Python38\\lib\\site-packages\\selenium\\webdriver\\remote\\webelement.py:395: in _execute\n    return self._parent.execute(command, params)\n..\\..\\..\\AppData\\Local\\Programs\\Python\\Python38\\lib\\site-packages\\selenium\\webdriver\\remote\\webdriver.py:347: in execute\n    self.error_handler.check_response(response)\n_ _ _ _ _ _ _ _ _ _ _ _ _ _ _ _ _ _ _ _ _ _ _ _ _ _ _ _ _ _ _ _ _ _ _ _ _ _ _ _ _ _ _ _ _ _ _ _ _ _ _ _ _ _ _ _ _ _ _ _ _ _ _ _ _ _ _ _ _ _ _ _ _ _ _ _ _ _ _ _ _ _ _ _ _ _ _ _ _ _ _ _ _ _ _ _ _ _ _ _ _ _ _ \n\nself = <selenium.webdriver.remote.errorhandler.ErrorHandler object at 0x0000000005177700>\nresponse = {'status': 400, 'value': '{\"value\":{\"error\":\"element click intercepted\",\"message\":\"Element <a class=\\\\\"Account_link__2...sys.mjs:214:29\\\\nreceiveMessage@chrome://remote/content/marionette/actors/MarionetteCommandsChild.sys.mjs:97:31\\\\n\"}}'}\n\n    def check_response(self, response: Dict[str, Any]) -> None:\n        \"\"\"Checks that a JSON response from the WebDriver does not have an\n        error.\n    \n        :Args:\n         - response - The JSON response from the WebDriver server as a dictionary\n           object.\n    \n        :Raises: If the response contains an error message.\n        \"\"\"\n        status = response.get(\"status\", None)\n        if not status or status == ErrorCode.SUCCESS:\n            return\n        value = None\n        message = response.get(\"message\", \"\")\n        screen: str = response.get(\"screen\", \"\")\n        stacktrace = None\n        if isinstance(status, int):\n            value_json = response.get(\"value\", None)\n            if value_json and isinstance(value_json, str):\n                import json\n    \n                try:\n                    value = json.loads(value_json)\n                    if len(value) == 1:\n                        value = value[\"value\"]\n                    status = value.get(\"error\", None)\n                    if not status:\n                        status = value.get(\"status\", ErrorCode.UNKNOWN_ERROR)\n                        message = value.get(\"value\") or value.get(\"message\")\n                        if not isinstance(message, str):\n                            value = message\n                            message = message.get(\"message\")\n                    else:\n                        message = value.get(\"message\", None)\n                except ValueError:\n                    pass\n    \n        exception_class: Type[WebDriverException]\n        e = ErrorCode()\n        error_codes = [item for item in dir(e) if not item.startswith(\"__\")]\n        for error_code in error_codes:\n            error_info = getattr(ErrorCode, error_code)\n            if isinstance(error_info, list) and status in error_info:\n                exception_class = getattr(ExceptionMapping, error_code, WebDriverException)\n                break\n        else:\n            exception_class = WebDriverException\n    \n        if not value:\n            value = response[\"value\"]\n        if isinstance(value, str):\n            raise exception_class(value)\n        if message == \"\" and \"message\" in value:\n            message = value[\"message\"]\n    \n        screen = None  # type: ignore[assignment]\n        if \"screen\" in value:\n            screen = value[\"screen\"]\n    \n        stacktrace = None\n        st_value = value.get(\"stackTrace\") or value.get(\"stacktrace\")\n        if st_value:\n            if isinstance(st_value, str):\n                stacktrace = st_value.split(\"\\n\")\n            else:\n                stacktrace = []\n                try:\n                    for frame in st_value:\n                        line = frame.get(\"lineNumber\", \"\")\n                        file = frame.get(\"fileName\", \"<anonymous>\")\n                        if line:\n                            file = f\"{file}:{line}\"\n                        meth = frame.get(\"methodName\", \"<anonymous>\")\n                        if \"className\" in frame:\n                            meth = f\"{frame['className']}.{meth}\"\n                        msg = \"    at %s (%s)\"\n                        msg = msg % (meth, file)\n                        stacktrace.append(msg)\n                except TypeError:\n                    pass\n        if exception_class == UnexpectedAlertPresentException:\n            alert_text = None\n            if \"data\" in value:\n                alert_text = value[\"data\"].get(\"text\")\n            elif \"alert\" in value:\n                alert_text = value[\"alert\"].get(\"text\")\n            raise exception_class(message, screen, stacktrace, alert_text)  # type: ignore[call-arg]  # mypy is not smart enough here\n>       raise exception_class(message, screen, stacktrace)\nE       selenium.common.exceptions.ElementClickInterceptedException: Message: Element <a class=\"Account_link__2ETsJ text text_type_main-medium text_color_inactive\" href=\"/account/order-history\"> is not clickable at point (256,307) because another element <div class=\"Modal_modal_overlay__x2ZCr\"> obscures it\nE       Stacktrace:\nE       RemoteError@chrome://remote/content/shared/RemoteError.sys.mjs:8:8\nE       WebDriverError@chrome://remote/content/shared/webdriver/Errors.sys.mjs:187:5\nE       ElementClickInterceptedError@chrome://remote/content/shared/webdriver/Errors.sys.mjs:331:5\nE       webdriverClickElement@chrome://remote/content/marionette/interaction.sys.mjs:162:11\nE       interaction.clickElement@chrome://remote/content/marionette/interaction.sys.mjs:121:11\nE       clickElement@chrome://remote/content/marionette/actors/MarionetteCommandsChild.sys.mjs:214:29\nE       receiveMessage@chrome://remote/content/marionette/actors/MarionetteCommandsChild.sys.mjs:97:31\n\n..\\..\\..\\AppData\\Local\\Programs\\Python\\Python38\\lib\\site-packages\\selenium\\webdriver\\remote\\errorhandler.py:229: ElementClickInterceptedException"}, "steps": [{"name": "Открыть страницу", "status": "passed", "parameters": [{"name": "url", "value": "'https://stellarburgers.nomoreparties.site/'"}], "start": 1717707489739, "stop": 1717707493484}, {"name": "Клик по кнопке Личный кабинет", "status": "passed", "steps": [{"name": "Клик по крестику", "status": "passed", "parameters": [{"name": "locator", "value": "('link text', 'Личный Кабинет')"}], "start": 1717707493484, "stop": 1717707493654}], "start": 1717707493484, "stop": 1717707493654}, {"name": "Ввести почту в окне авторизации", "status": "passed", "steps": [{"name": "Ввод текста", "status": "passed", "steps": [{"name": "Ожидание элемента и его выбор", "status": "passed", "parameters": [{"name": "locator", "value": "('xpath', \"//div[contains(@class, 'input')]/input[@name='name']\")"}], "start": 1717707493654, "stop": 1717707493672}], "parameters": [{"name": "locator", "value": "('xpath', \"//div[contains(@class, 'input')]/input[@name='name']\")"}, {"name": "text", "value": "'putht@mail.ru'"}], "start": 1717707493654, "stop": 1717707493765}], "parameters": [{"name": "mail", "value": "'putht@mail.ru'"}], "start": 1717707493654, "stop": 1717707493765}, {"name": "Ввести пароль в окне авторизации", "status": "passed", "steps": [{"name": "Ввод текста", "status": "passed", "steps": [{"name": "Ожидание элемента и его выбор", "status": "passed", "parameters": [{"name": "locator", "value": "('xpath', \"//div[contains(@class, 'input')]/input[@name='Пароль']\")"}], "start": 1717707493765, "stop": 1717707493790}], "parameters": [{"name": "locator", "value": "('xpath', \"//div[contains(@class, 'input')]/input[@name='Пароль']\")"}, {"name": "text", "value": "'rmqvua'"}], "start": 1717707493765, "stop": 1717707493815}], "parameters": [{"name": "password", "value": "'rmqvua'"}], "start": 1717707493765, "stop": 1717707493815}, {"name": "Клик по кнопке Войти", "status": "passed", "steps": [{"name": "Клик по элементу", "status": "passed", "steps": [{"name": "Ожидание элемента и его выбор", "status": "passed", "parameters": [{"name": "locator", "value": "('xpath', \"//button[text() = 'Войти']\")"}], "start": 1717707493816, "stop": 1717707493832}], "parameters": [{"name": "locator", "value": "('xpath', \"//button[text() = 'Войти']\")"}], "start": 1717707493816, "stop": 1717707494056}], "start": 1717707493816, "stop": 1717707494056}, {"name": "Добавление булки в заказ", "status": "passed", "steps": [{"name": "Перетаскивание элемента", "status": "passed", "steps": [{"name": "Ожидание элемента и его выбор", "status": "passed", "parameters": [{"name": "locator", "value": "('xpath', \"//main/section[contains(@class, 'BurgerIngredients')]/div[2]/ul[1]/a[2]\")"}], "start": 1717707494056, "stop": 1717707494575}, {"name": "Ожидание элемента и его выбор", "status": "passed", "parameters": [{"name": "locator", "value": "('xpath', \"//section[contains(@class, 'BurgerConstructor')]\")"}], "start": 1717707494575, "stop": 1717707494590}], "parameters": [{"name": "locator_1", "value": "('xpath', \"//main/section[contains(@class, 'BurgerIngredients')]/div[2]/ul[1]/a[2]\")"}, {"name": "locator_2", "value": "('xpath', \"//section[contains(@class, 'BurgerConstructor')]\")"}], "start": 1717707494056, "stop": 1717707494605}], "start": 1717707494056, "stop": 1717707494605}, {"name": "Добавление ингредиента в заказ", "status": "passed", "steps": [{"name": "Перетаскивание элемента", "status": "passed", "steps": [{"name": "Ожидание элемента и его выбор", "status": "passed", "parameters": [{"name": "locator", "value": "('xpath', \"//main/section[contains(@class, 'BurgerIngredients')]/div[2]/ul[2]/a[2]\")"}], "start": 1717707494605, "stop": 1717707494621}, {"name": "Ожидание элемента и его выбор", "status": "passed", "parameters": [{"name": "locator", "value": "('xpath', \"//section[contains(@class, 'BurgerConstructor')]\")"}], "start": 1717707494621, "stop": 1717707494636}], "parameters": [{"name": "locator_1", "value": "('xpath', \"//main/section[contains(@class, 'BurgerIngredients')]/div[2]/ul[2]/a[2]\")"}, {"name": "locator_2", "value": "('xpath', \"//section[contains(@class, 'BurgerConstructor')]\")"}], "start": 1717707494605, "stop": 1717707494653}], "start": 1717707494605, "stop": 1717707494653}, {"name": "Клик по кнопке Оформить заказ", "status": "passed", "steps": [{"name": "Клик по элементу", "status": "passed", "steps": [{"name": "Ожидание элемента и его выбор", "status": "passed", "parameters": [{"name": "locator", "value": "('xpath', \"//button[text() = 'Оформить заказ']\")"}], "start": 1717707494654, "stop": 1717707494668}], "parameters": [{"name": "locator", "value": "('xpath', \"//button[text() = 'Оформить заказ']\")"}], "start": 1717707494653, "stop": 1717707494884}], "start": 1717707494653, "stop": 1717707494884}, {"name": "Клик по крестику окна с деталями ингредиента", "status": "passed", "steps": [{"name": "Клик по крестику", "status": "passed", "parameters": [{"name": "locator", "value": "('xpath', \"//section[1]//button[contains(@class, 'Modal_modal__close')]\")"}], "start": 1717707494884, "stop": 1717707494916}], "start": 1717707494884, "stop": 1717707494916}, {"name": "Клик по кнопке Личный кабинет", "status": "passed", "steps": [{"name": "Клик по крестику", "status": "passed", "parameters": [{"name": "locator", "value": "('link text', 'Личный Кабинет')"}], "start": 1717707494917, "stop": 1717707495059}], "start": 1717707494916, "stop": 1717707495059}, {"name": "Клик по кнопке История заказов", "status": "broken", "statusDetails": {"message": "selenium.common.exceptions.ElementClickInterceptedException: Message: Element <a class=\"Account_link__2ETsJ text text_type_main-medium text_color_inactive\" href=\"/account/order-history\"> is not clickable at point (256,307) because another element <div class=\"Modal_modal_overlay__x2ZCr\"> obscures it\nStacktrace:\nRemoteError@chrome://remote/content/shared/RemoteError.sys.mjs:8:8\nWebDriverError@chrome://remote/content/shared/webdriver/Errors.sys.mjs:187:5\nElementClickInterceptedError@chrome://remote/content/shared/webdriver/Errors.sys.mjs:331:5\nwebdriverClickElement@chrome://remote/content/marionette/interaction.sys.mjs:162:11\ninteraction.clickElement@chrome://remote/content/marionette/interaction.sys.mjs:121:11\nclickElement@chrome://remote/content/marionette/actors/MarionetteCommandsChild.sys.mjs:214:29\nreceiveMessage@chrome://remote/content/marionette/actors/MarionetteCommandsChild.sys.mjs:97:31\n\n", "trace": "  File \"C:\\Users\\Ололоша\\AppData\\Local\\Programs\\Python\\Python38\\lib\\site-packages\\allure_commons\\_allure.py\", line 192, in impl\n    return func(*a, **kw)\n  File \"C:\\Users\\Ололоша\\PycharmProjects\\Diplom_Galya_Pustovalova_7\\Diplom_3\\pages\\personal_account_page.py\", line 16, in click_button_order_history\n    return self.click(PAL.BUTTON_ORDER_HISTORY)\n  File \"C:\\Users\\Ололоша\\AppData\\Local\\Programs\\Python\\Python38\\lib\\site-packages\\allure_commons\\_allure.py\", line 192, in impl\n    return func(*a, **kw)\n  File \"C:\\Users\\Ололоша\\PycharmProjects\\Diplom_Galya_Pustovalova_7\\Diplom_3\\pages\\base_page.py\", line 41, in click\n    element.click()\n  File \"C:\\Users\\Ололоша\\AppData\\Local\\Programs\\Python\\Python38\\lib\\site-packages\\selenium\\webdriver\\remote\\webelement.py\", line 94, in click\n    self._execute(Command.CLICK_ELEMENT)\n  File \"C:\\Users\\Ололоша\\AppData\\Local\\Programs\\Python\\Python38\\lib\\site-packages\\selenium\\webdriver\\remote\\webelement.py\", line 395, in _execute\n    return self._parent.execute(command, params)\n  File \"C:\\Users\\Ололоша\\AppData\\Local\\Programs\\Python\\Python38\\lib\\site-packages\\selenium\\webdriver\\remote\\webdriver.py\", line 347, in execute\n    self.error_handler.check_response(response)\n  File \"C:\\Users\\Ололоша\\AppData\\Local\\Programs\\Python\\Python38\\lib\\site-packages\\selenium\\webdriver\\remote\\errorhandler.py\", line 229, in check_response\n    raise exception_class(message, screen, stacktrace)\n"}, "steps": [{"name": "Клик по элементу", "status": "broken", "statusDetails": {"message": "selenium.common.exceptions.ElementClickInterceptedException: Message: Element <a class=\"Account_link__2ETsJ text text_type_main-medium text_color_inactive\" href=\"/account/order-history\"> is not clickable at point (256,307) because another element <div class=\"Modal_modal_overlay__x2ZCr\"> obscures it\nStacktrace:\nRemoteError@chrome://remote/content/shared/RemoteError.sys.mjs:8:8\nWebDriverError@chrome://remote/content/shared/webdriver/Errors.sys.mjs:187:5\nElementClickInterceptedError@chrome://remote/content/shared/webdriver/Errors.sys.mjs:331:5\nwebdriverClickElement@chrome://remote/content/marionette/interaction.sys.mjs:162:11\ninteraction.clickElement@chrome://remote/content/marionette/interaction.sys.mjs:121:11\nclickElement@chrome://remote/content/marionette/actors/MarionetteCommandsChild.sys.mjs:214:29\nreceiveMessage@chrome://remote/content/marionette/actors/MarionetteCommandsChild.sys.mjs:97:31\n\n", "trace": "  File \"C:\\Users\\Ололоша\\AppData\\Local\\Programs\\Python\\Python38\\lib\\site-packages\\allure_commons\\_allure.py\", line 192, in impl\n    return func(*a, **kw)\n  File \"C:\\Users\\Ололоша\\PycharmProjects\\Diplom_Galya_Pustovalova_7\\Diplom_3\\pages\\base_page.py\", line 41, in click\n    element.click()\n  File \"C:\\Users\\Ололоша\\AppData\\Local\\Programs\\Python\\Python38\\lib\\site-packages\\selenium\\webdriver\\remote\\webelement.py\", line 94, in click\n    self._execute(Command.CLICK_ELEMENT)\n  File \"C:\\Users\\Ололоша\\AppData\\Local\\Programs\\Python\\Python38\\lib\\site-packages\\selenium\\webdriver\\remote\\webelement.py\", line 395, in _execute\n    return self._parent.execute(command, params)\n  File \"C:\\Users\\Ололоша\\AppData\\Local\\Programs\\Python\\Python38\\lib\\site-packages\\selenium\\webdriver\\remote\\webdriver.py\", line 347, in execute\n    self.error_handler.check_response(response)\n  File \"C:\\Users\\Ололоша\\AppData\\Local\\Programs\\Python\\Python38\\lib\\site-packages\\selenium\\webdriver\\remote\\errorhandler.py\", line 229, in check_response\n    raise exception_class(message, screen, stacktrace)\n"}, "steps": [{"name": "Ожидание элемента и его выбор", "status": "passed", "parameters": [{"name": "locator", "value": "('xpath', \"//a[text() = 'История заказов']\")"}], "start": 1717707495060, "stop": 1717707495595}], "parameters": [{"name": "locator", "value": "('xpath', \"//a[text() = 'История заказов']\")"}], "start": 1717707495060, "stop": 1717707495602}], "start": 1717707495059, "stop": 1717707495603}], "attachments": [{"name": "log", "source": "608d3df9-0eb5-409c-a4cb-e2b5d94f3141-attachment.txt", "type": "text/plain"}], "parameters": [{"name": "driver", "value": "'Firefox'"}], "start": 1717707489739, "stop": 1717707495604, "uuid": "2407c686-7e2c-4aad-9fbb-31f490bf5bef", "historyId": "85851b217457cc409f38cfc5e98ed1b1", "testCaseId": "151aac3379a4ffa06a27c7c730abc20d", "fullName": "tests.test_order_feed.TestOrderPage#test_order_from_history_displayed_in_order_feed", "labels": [{"name": "parentSuite", "value": "tests"}, {"name": "suite", "value": "test_order_feed"}, {"name": "subSuite", "value": "TestOrderPage"}, {"name": "host", "value": "WIN-5TKA1RRH191"}, {"name": "thread", "value": "11012-MainThread"}, {"name": "framework", "value": "pytest"}, {"name": "language", "value": "cpython3"}, {"name": "package", "value": "tests.test_order_feed"}]}